taghawkapp-master/bluesnap-android/build/intermediates/manifest_merge_blame_file/debug/manifest-merger-blame-debug-report.txt
1<?xml version="1.0" encoding="utf-8"?>
2<manifest xmlns:android="http://schemas.android.com/apk/res/android"
3    package="com.bluesnap.androidapi"
4    android:versionName="unknown" >
5
6    <uses-sdk
7        android:minSdkVersion="19"
7-->src\main\AndroidManifest.xml
8        android:targetSdkVersion="28" />
8-->src\main\AndroidManifest.xml
9
10    <uses-permission android:name="android.permission.INTERNET" />
10-->src\main\AndroidManifest.xml:5:5-67
10-->src\main\AndroidManifest.xml:5:22-64
11    <uses-permission android:name="android.permission.ACCESS_NETWORK_STATE" />
11-->src\main\AndroidManifest.xml:6:5-79
11-->src\main\AndroidManifest.xml:6:22-76
12    <uses-permission android:name="android.permission.SYSTEM_ALERT_WINDOW" />
12-->src\main\AndroidManifest.xml:7:5-78
12-->src\main\AndroidManifest.xml:7:22-75
13
14    <!-- <uses-permission android:name="android.permission.CHANGE_CONFIGURATION" /> -->
15    <!-- Kount -->
16    <!-- <uses-permission android:name="android.permission.ACCESS_WIFI_STATE" /> -->
17    <!-- <uses-permission android:name="android.permission.ACCESS_FINE_LOCATION" /> -->
18    <application android:supportsRtl="true" >
18-->src\main\AndroidManifest.xml:14:5-82:19
18-->src\main\AndroidManifest.xml:14:18-44
19        <activity
19-->src\main\AndroidManifest.xml:15:9-19:55
20            android:name="com.bluesnap.androidapi.views.activities.CreditCardActivity"
20-->src\main\AndroidManifest.xml:16:13-64
21            android:screenOrientation="portrait"
21-->src\main\AndroidManifest.xml:17:13-49
22            android:theme="@style/Theme.AppCompat.Light.NoActionBar"
22-->src\main\AndroidManifest.xml:18:13-69
23            android:windowSoftInputMode="adjustPan" />
23-->src\main\AndroidManifest.xml:19:13-52
24        <activity
24-->src\main\AndroidManifest.xml:20:9-23:72
25            android:name="com.bluesnap.androidapi.views.activities.BluesnapCheckoutActivity"
25-->src\main\AndroidManifest.xml:21:13-70
26            android:screenOrientation="portrait"
26-->src\main\AndroidManifest.xml:22:13-49
27            android:theme="@style/Theme.AppCompat.Light.NoActionBar" />
27-->src\main\AndroidManifest.xml:23:13-69
28        <activity
28-->src\main\AndroidManifest.xml:24:9-27:72
29            android:name="com.bluesnap.androidapi.views.activities.BluesnapChoosePaymentMethodActivity"
29-->src\main\AndroidManifest.xml:25:13-81
30            android:screenOrientation="portrait"
30-->src\main\AndroidManifest.xml:26:13-49
31            android:theme="@style/Theme.AppCompat.Light.NoActionBar" />
31-->src\main\AndroidManifest.xml:27:13-69
32        <activity
32-->src\main\AndroidManifest.xml:28:9-31:72
33            android:name="com.bluesnap.androidapi.views.activities.BluesnapCreatePaymentActivity"
33-->src\main\AndroidManifest.xml:29:13-75
34            android:screenOrientation="portrait"
34-->src\main\AndroidManifest.xml:30:13-49
35            android:theme="@style/Theme.AppCompat.Light.NoActionBar" />
35-->src\main\AndroidManifest.xml:31:13-69
36        <activity
36-->src\main\AndroidManifest.xml:32:9-42:20
37            android:name="com.bluesnap.androidapi.views.activities.CurrencyActivity"
37-->src\main\AndroidManifest.xml:33:13-62
38            android:label="@string/title_activity_currency"
38-->src\main\AndroidManifest.xml:34:13-60
39            android:parentActivityName="com.bluesnap.androidapi.views.activities.CreditCardActivity"
39-->src\main\AndroidManifest.xml:35:13-78
40            android:screenOrientation="portrait"
40-->src\main\AndroidManifest.xml:36:13-49
41            android:theme="@android:style/Theme.Holo.Light.NoActionBar"
41-->src\main\AndroidManifest.xml:37:13-72
42            android:windowSoftInputMode="stateHidden" >
42-->src\main\AndroidManifest.xml:38:13-54
43            <meta-data
43-->src\main\AndroidManifest.xml:39:13-41:72
44                android:name="android.support.PARENT_ACTIVITY"
44-->src\main\AndroidManifest.xml:40:17-63
45                android:value=".views.activities.CreditCardActivity" />
45-->src\main\AndroidManifest.xml:41:17-69
46        </activity>
47        <activity
47-->src\main\AndroidManifest.xml:43:9-53:20
48            android:name="com.bluesnap.androidapi.views.activities.CountryActivity"
48-->src\main\AndroidManifest.xml:44:13-61
49            android:label="@string/title_activity_state"
49-->src\main\AndroidManifest.xml:45:13-57
50            android:parentActivityName="com.bluesnap.androidapi.views.activities.CreditCardActivity"
50-->src\main\AndroidManifest.xml:46:13-78
51            android:screenOrientation="portrait"
51-->src\main\AndroidManifest.xml:47:13-49
52            android:theme="@android:style/Theme.Holo.Light.NoActionBar"
52-->src\main\AndroidManifest.xml:48:13-72
53            android:windowSoftInputMode="stateHidden" >
53-->src\main\AndroidManifest.xml:49:13-54
54            <meta-data
54-->src\main\AndroidManifest.xml:39:13-41:72
55                android:name="android.support.PARENT_ACTIVITY"
55-->src\main\AndroidManifest.xml:40:17-63
56                android:value=".views.activities.CreditCardActivity" />
56-->src\main\AndroidManifest.xml:41:17-69
57        </activity>
58        <activity
58-->src\main\AndroidManifest.xml:54:9-64:20
59            android:name="com.bluesnap.androidapi.views.activities.StateActivity"
59-->src\main\AndroidManifest.xml:55:13-59
60            android:label="@string/title_activity_country"
60-->src\main\AndroidManifest.xml:56:13-59
61            android:parentActivityName="com.bluesnap.androidapi.views.activities.CreditCardActivity"
61-->src\main\AndroidManifest.xml:57:13-78
62            android:screenOrientation="portrait"
62-->src\main\AndroidManifest.xml:58:13-49
63            android:theme="@android:style/Theme.Holo.Light.NoActionBar"
63-->src\main\AndroidManifest.xml:59:13-72
64            android:windowSoftInputMode="stateHidden" >
64-->src\main\AndroidManifest.xml:60:13-54
65            <meta-data
65-->src\main\AndroidManifest.xml:39:13-41:72
66                android:name="android.support.PARENT_ACTIVITY"
66-->src\main\AndroidManifest.xml:40:17-63
67                android:value=".views.activities.CreditCardActivity" />
67-->src\main\AndroidManifest.xml:41:17-69
68        </activity>
69        <activity
69-->src\main\AndroidManifest.xml:65:9-75:20
70            android:name="com.bluesnap.androidapi.views.activities.WebViewActivity"
70-->src\main\AndroidManifest.xml:66:13-61
71            android:label="@string/title_activity_web_view"
71-->src\main\AndroidManifest.xml:67:13-60
72            android:parentActivityName="com.bluesnap.androidapi.views.activities.CreditCardActivity"
72-->src\main\AndroidManifest.xml:68:13-78
73            android:screenOrientation="portrait"
73-->src\main\AndroidManifest.xml:69:13-49
74            android:theme="@android:style/Theme.Holo.Light.NoActionBar"
74-->src\main\AndroidManifest.xml:70:13-72
75            android:windowSoftInputMode="stateHidden" >
75-->src\main\AndroidManifest.xml:71:13-54
76            <meta-data
76-->src\main\AndroidManifest.xml:39:13-41:72
77                android:name="android.support.PARENT_ACTIVITY"
77-->src\main\AndroidManifest.xml:40:17-63
78                android:value=".views.activities.CreditCardActivity" />
78-->src\main\AndroidManifest.xml:41:17-69
79        </activity>
80
81        <!-- This element is required in order to use the PaymentsClient -->
82        <meta-data
82-->src\main\AndroidManifest.xml:78:9-80:36
83            android:name="com.google.android.gms.wallet.api.enabled"
83-->src\main\AndroidManifest.xml:79:13-69
84            android:value="true" />
84-->src\main\AndroidManifest.xml:80:13-33
85    </application>
86
87</manifest>